<?xml version="1.0" encoding="UTF-8"?>
<!-- Generated by org.testng.reporters.JUnitReportReporter -->
<testsuite hostname="Dell_0411" failures="0" tests="1" name="TestCases.BuyKindleWithoutLogin" time="8.073" errors="0" timestamp="2023-02-13T11:28:26 EST" skipped="0">
  <testcase classname="TestCases.BuyKindleWithoutLogin" name="buyKindle" time="8.073"/>
  <system-out/>
</testsuite> <!-- TestCases.BuyKindleWithoutLogin -->
