<?xml version="1.0" encoding="UTF-8"?>
<!-- Generated by org.testng.reporters.JUnitReportReporter -->
<testsuite hostname="Dell_0411" failures="0" tests="1" name="TestCases.BuyKindleWithoutLogin" time="6.161" errors="0" timestamp="2023-02-12T23:47:21 EST" skipped="0">
  <testcase classname="TestCases.BuyKindleWithoutLogin" name="buyKindle" time="6.161"/>
  <system-out/>
</testsuite> <!-- TestCases.BuyKindleWithoutLogin -->
